c:\users\jverner\documents\github\cs114project\merge in progress\cs114project\cs113 windows forms2\cs113 windows forms2\debug\vc120.pdb
c:\users\jverner\documents\github\cs114project\merge in progress\cs114project\cs113 windows forms2\cs113 windows forms2\debug\myform.obj
c:\users\jverner\documents\github\cs114project\merge in progress\cs114project\cs113 windows forms2\cs113 windows forms2\debug\entity.obj
c:\users\jverner\documents\github\cs114project\merge in progress\cs114project\cs113 windows forms2\cs113 windows forms2\debug\.netframework,version=v4.5.assemblyattributes.obj
c:\users\jverner\documents\github\cs114project\merge in progress\cs114project\cs113 windows forms2\cs113 windows forms2\debug\cs113 windows forms2.myform.resources
c:\users\jverner\documents\github\cs114project\merge in progress\cs114project\cs113 windows forms2\cs113 windows forms2\debug\cs113 windows forms2.vcxproj.generateresource.cache
c:\users\jverner\documents\github\cs114project\merge in progress\cs114project\cs113 windows forms2\debug\cs113 windows forms2.pdb
c:\users\jverner\documents\github\cs114project\merge in progress\cs114project\cs113 windows forms2\cs113 windows forms2\debug\cs113 wi.d9760699.tlog\cl.command.1.tlog
c:\users\jverner\documents\github\cs114project\merge in progress\cs114project\cs113 windows forms2\cs113 windows forms2\debug\cs113 wi.d9760699.tlog\cl.read.1.tlog
c:\users\jverner\documents\github\cs114project\merge in progress\cs114project\cs113 windows forms2\cs113 windows forms2\debug\cs113 wi.d9760699.tlog\cl.write.1.tlog
c:\users\jverner\documents\github\cs114project\merge in progress\cs114project\cs113 windows forms2\cs113 windows forms2\debug\cs113 wi.d9760699.tlog\cs113 windows forms2.write.1u.tlog
c:\users\jverner\documents\github\cs114project\merge in progress\cs114project\cs113 windows forms2\cs113 windows forms2\debug\cs113 wi.d9760699.tlog\link.6100-cvtres.read.1.tlog
c:\users\jverner\documents\github\cs114project\merge in progress\cs114project\cs113 windows forms2\cs113 windows forms2\debug\cs113 wi.d9760699.tlog\link.6100-cvtres.write.1.tlog
c:\users\jverner\documents\github\cs114project\merge in progress\cs114project\cs113 windows forms2\cs113 windows forms2\debug\cs113 wi.d9760699.tlog\link.6100-rc.read.1.tlog
c:\users\jverner\documents\github\cs114project\merge in progress\cs114project\cs113 windows forms2\cs113 windows forms2\debug\cs113 wi.d9760699.tlog\link.6100-rc.write.1.tlog
c:\users\jverner\documents\github\cs114project\merge in progress\cs114project\cs113 windows forms2\cs113 windows forms2\debug\cs113 wi.d9760699.tlog\link.6100.read.1.tlog
c:\users\jverner\documents\github\cs114project\merge in progress\cs114project\cs113 windows forms2\cs113 windows forms2\debug\cs113 wi.d9760699.tlog\link.6100.write.1.tlog
c:\users\jverner\documents\github\cs114project\merge in progress\cs114project\cs113 windows forms2\cs113 windows forms2\debug\cs113 wi.d9760699.tlog\link.command.1.tlog
c:\users\jverner\documents\github\cs114project\merge in progress\cs114project\cs113 windows forms2\cs113 windows forms2\debug\cs113 wi.d9760699.tlog\link.read.1.tlog
c:\users\jverner\documents\github\cs114project\merge in progress\cs114project\cs113 windows forms2\cs113 windows forms2\debug\cs113 wi.d9760699.tlog\link.write.1.tlog
c:\users\jverner\documents\github\cs114project\merge in progress\cs114project\cs113 windows forms2\cs113 windows forms2\debug\cs113 wi.d9760699.tlog\metagen.read.1.tlog
c:\users\jverner\documents\github\cs114project\merge in progress\cs114project\cs113 windows forms2\cs113 windows forms2\debug\cs113 wi.d9760699.tlog\metagen.write.1.tlog
c:\users\jverner\documents\github\cs114project\merge in progress\cs114project\cs113 windows forms2\cs113 windows forms2\debug\cs113 wi.d9760699.tlog\rsaenh.dll.bi
c:\users\jverner\documents\github\cs114project\merge in progress\cs114project\cs113 windows forms2\cs113 windows forms2\debug\cs113 wi.d9760699.tlog\tzres.dll.bi
