c:\users\jverner\documents\github\cs114project\project 6\project 6\debug\vc120.pdb
c:\users\jverner\documents\github\cs114project\project 6\project 6\debug\.netframework,version=v4.5.assemblyattributes.obj
c:\users\jverner\documents\github\cs114project\project 6\debug\project6.exe
c:\users\jverner\documents\github\cs114project\project 6\debug\project6.pdb
c:\users\jverner\documents\github\cs114project\project 6\project 6\debug\project6.myform2.resources
c:\users\jverner\documents\github\cs114project\project 6\project 6\debug\project6.res
c:\users\jverner\documents\github\cs114project\project 6\project 6\debug\project 6.vcxproj.generateresource.cache
c:\users\jverner\documents\github\cs114project\project 6\project 6\debug\project6.tlog\cl.command.1.tlog
c:\users\jverner\documents\github\cs114project\project 6\project 6\debug\project6.tlog\cl.read.1.tlog
c:\users\jverner\documents\github\cs114project\project 6\project 6\debug\project6.tlog\cl.write.1.tlog
c:\users\jverner\documents\github\cs114project\project 6\project 6\debug\project6.tlog\link.command.1.tlog
c:\users\jverner\documents\github\cs114project\project 6\project 6\debug\project6.tlog\link.read.1.tlog
c:\users\jverner\documents\github\cs114project\project 6\project 6\debug\project6.tlog\link.write.1.tlog
c:\users\jverner\documents\github\cs114project\project 6\project 6\debug\project6.tlog\metagen.read.1.tlog
c:\users\jverner\documents\github\cs114project\project 6\project 6\debug\project6.tlog\metagen.write.1.tlog
c:\users\jverner\documents\github\cs114project\project 6\project 6\debug\project6.tlog\project6.write.1u.tlog
c:\users\jverner\documents\github\cs114project\project 6\project 6\debug\project6.tlog\rc.command.1.tlog
c:\users\jverner\documents\github\cs114project\project 6\project 6\debug\project6.tlog\rc.read.1.tlog
c:\users\jverner\documents\github\cs114project\project 6\project 6\debug\project6.tlog\rc.write.1.tlog
c:\users\jverner\documents\github\cs114project\project 6\project 6\debug\project6.tlog\rsaenh.dll.bi
c:\users\jverner\documents\github\cs114project\project 6\project 6\debug\project6.tlog\tzres.dll.bi
